[2017-09-01 17:51:14] [INFO] test start
[2017-09-01 17:51:21] [INFO] test_changeip:修改局域网ip 地址，并等待修改完重启后，新地址可以登录
[2017-09-01 17:51:21] [INFO] 准备将登录修改为：192.168.0.2
[2017-09-01 17:51:21] [INFO] 原来的登录地址为 192.168.0.1
[2017-09-01 17:52:42] [INFO] 修改成功，二次登录
[2017-09-01 17:52:51] [INFO] 登录后，进入新的配置系统，二次修改局域网ip 地址为原来的地址，
[2017-09-01 17:54:08] [INFO] test_changeip STOP
[2017-09-01 17:54:15] [INFO] test_defaultcheck START:局域网页面默认项检查
[2017-09-01 17:54:40] [INFO] ###############
[2017-09-01 17:54:40] [INFO] None
[2017-09-01 17:54:40] [INFO] test_defaultcheck STOP
[2017-09-01 17:54:47] [INFO] test_dhcpclose START:关闭dhcp功能，检查页面租期和范围不展示
[2017-09-01 17:55:17] [INFO] test_dhcpclose STOP
[2017-09-01 17:55:26] [INFO] test_endlaniperror START:结束ip地址非法，提示信息检查
[2017-09-01 17:55:55] [INFO] test_endlaniperror STOP
[2017-09-01 17:56:02] [INFO] test_gotolan START:测试是否能成功跳转到局域网页面
[2017-09-01 17:56:25] [INFO] 到达局域网页面后的URL:http://192.168.0.1/DhcpServer.html
[2017-09-01 17:56:25] [INFO] test_gotolan STOP
[2017-09-01 17:56:33] [INFO] test_lanipinrange START:ip地址填正确是否可以保存成功
[2017-09-01 17:57:15] [INFO] test_noip Start:不输入IP 地址，检查提示信息
[2017-09-01 17:57:45] [INFO] test_noip STOP
[2017-09-01 17:57:56] [INFO] test_startipbigger START:开始ip地址大于结束ip地址，提示信息检查
[2017-09-01 17:58:24] [INFO] test_startipbigger STOP
[2017-09-01 17:58:32] [INFO] test_startlaniperror START:开始ip地址范围非法，提示信息检查
[2017-09-01 17:59:10] [INFO] test_wrongip:输入错误格式的ip地址，检查提示语
[2017-09-01 18:00:19] [INFO] test_wrongip STOP
[2017-09-01 18:00:28] [INFO] test_goto_login START:登录页面第一个测试用例，测试是否能成功跳转到登录页面
[2017-09-01 18:00:30] [INFO] URL 输入后的页面名称：DIR-823Pro
[2017-09-01 18:00:30] [INFO] test_goto_login STOP
[2017-09-01 18:00:36] [INFO] test_login_nopasswordenter START:不输入密码时的提示信息检查
[2017-09-01 18:00:45] [INFO] 请输入登录密码。
[2017-09-01 18:00:45] [INFO] test_login_nopasswordenter STOP
[2017-09-01 18:00:53] [INFO] test_login_right START:输入正确的密码验证是否能成功登录
[2017-09-01 18:00:55] [INFO] DIR-823Pro
[2017-09-01 18:00:55] [INFO] 未登录之前的URL: http://192.168.0.1/Login.html
[2017-09-01 18:01:05] [INFO] 登录成功后的URL:http://192.168.0.1/Home.html
[2017-09-01 18:01:05] [INFO] test_login_right STOP
[2017-09-01 18:01:14] [INFO] test_login_wrongpassword START:密码错误时的提示语检查
[2017-09-01 18:01:26] [INFO] 密码错误，请重新输入。
[2017-09-01 18:01:26] [INFO] test_login_wrongpassword STOP
[2017-09-01 18:01:34] [INFO]  test_cancelreboot START:点击重启路由器后，点击取消，确认可以成功取消
[2017-09-01 18:02:55] [INFO] test_cancelreboot STOP
[2017-09-01 18:03:02] [INFO] test_confirmpswdwrror START:确认密码和新密码不一致时的提示信息检查
[2017-09-01 18:03:34] [INFO] test_confirmpswdwrror STOP
[2017-09-01 18:03:42] [INFO] test_crrentpswderror START:原密码错误时的提示语检查
[2017-09-01 18:03:56] [INFO] test_crrentpswderror STOP
[2017-09-01 18:04:04] [INFO] test_firwareupdate START:固件格式错误时提示信息检查
[2017-09-01 18:04:21] [INFO] 开始用autoit3脚本控制选择本地文件
[2017-09-01 18:04:31] [INFO] test_firwareupdate STOP
[2017-09-01 18:04:40] [INFO]  test_logout START:测试退出功能
[2017-09-01 18:04:49] [INFO] test_logout STOP
[2017-09-01 18:04:55] [INFO] newpassworderror START:新密码格式错误时的，提示信息检查
[2017-09-01 18:05:08] [INFO] newpassworderror START
[2017-09-01 18:05:16] [INFO] test_noconfirmpassword START:确认密码不填写时的提示信息检查
[2017-09-01 18:05:31] [INFO] test_noconfirmpassword STOP
[2017-09-01 18:05:38] [INFO] test_nonewpassword START:不填入新密码时的提示语检查
[2017-09-01 18:05:48] [INFO] test_nonewpassword STOP
[2017-09-01 18:05:55] [INFO] test_nopassword START:不输入原来的登录密码时，提示语检查
[2017-09-01 18:06:05] [INFO] test_nopassword STOP
[2017-09-01 18:06:12] [INFO] test_reboot START:重启功能检查
[2017-09-01 18:07:47] [INFO] test_reboot STOP
[2017-09-01 18:07:55] [INFO] test_time START:切换时区后的检查
[2017-09-01 18:08:21] [INFO] test_time STOP
[2017-09-01 18:08:29] [INFO] test_gotowan START:测试能否正确跳转到互联网设置页面
[2017-09-01 18:08:34] [INFO] test_gotowan STOP
[2017-09-01 18:08:42] [INFO] test_nogateway START:不输入默认网关时的提示信息检查
[2017-09-01 18:08:54] [INFO] test_nogateway STOP
[2017-09-01 18:09:02] [INFO] test_noip START:不输入IP地址，提示语检查
[2017-09-01 18:09:13] [INFO] test_noip STOP
[2017-09-01 18:09:21] [INFO] test_nomask START:不输入子网掩码的提示信息检查
[2017-09-01 18:09:32] [INFO] test_nomask STOP
[2017-09-01 18:09:40] [INFO] test_setwanmethod START:输入正确的wan 设置参数时能否成功保存检查
[2017-09-01 18:10:24] [INFO] test_wrongip START:输入错误格式的ip 地址提示信息检查
[2017-09-01 18:11:27] [INFO] test_gotowifi START:是否可以成功跳转到无线设置页面
[2017-09-01 18:11:36] [INFO] test_gotowifi STOP
[2017-09-01 18:11:46] [INFO] test_nopassword START:不填写密码时的功能检查
[2017-09-01 18:11:54] [INFO] None
[2017-09-01 18:11:54] [INFO] test_nopassword STOP
[2017-09-01 18:12:02] [INFO] test_nowifiname START:不填写无线用户时的提示信息检查
[2017-09-01 18:12:09] [INFO] test_nowifiname STOP
[2017-09-01 18:12:17] [INFO] test_wificlose START:关闭WiFi功能后，查看电脑的无线列表中是否还有wifi 信息
[2017-09-01 18:12:29] [INFO] no found
[2017-09-01 18:12:29] [INFO] no found
[2017-09-01 18:12:29] [INFO] no found
[2017-09-01 18:12:29] [INFO] no found
[2017-09-01 18:12:29] [INFO] no found
[2017-09-01 18:12:29] [INFO] no found
[2017-09-01 18:12:29] [INFO] no found
[2017-09-01 18:12:29] [INFO] no found
[2017-09-01 18:12:29] [INFO] no found
[2017-09-01 18:12:29] [INFO] no found
[2017-09-01 18:12:29] [INFO] no found
[2017-09-01 18:12:29] [INFO] no found
[2017-09-01 18:12:29] [INFO] no found
[2017-09-01 18:12:29] [INFO] no found
[2017-09-01 18:12:29] [INFO] no found
[2017-09-01 18:12:29] [INFO] no found
[2017-09-01 18:12:29] [INFO] no found
[2017-09-01 18:12:29] [INFO] no found
[2017-09-01 18:12:29] [INFO] no found
[2017-09-01 18:12:29] [INFO] no found
[2017-09-01 18:12:29] [INFO] no found
[2017-09-01 18:12:29] [INFO] no found
[2017-09-01 18:12:29] [INFO] no found
[2017-09-01 18:12:29] [INFO] no found
[2017-09-01 18:12:29] [INFO] no found
[2017-09-01 18:12:29] [INFO] no found
[2017-09-01 18:12:29] [INFO] no found
[2017-09-01 18:12:29] [INFO] no found
[2017-09-01 18:12:29] [INFO] no found
[2017-09-01 18:12:29] [INFO] no found
[2017-09-01 18:12:29] [INFO] no found
[2017-09-01 18:12:29] [INFO] no found
[2017-09-01 18:12:29] [INFO] no found
[2017-09-01 18:12:29] [INFO] no found
[2017-09-01 18:12:29] [INFO] no found
[2017-09-01 18:12:29] [INFO] no found
[2017-09-01 18:12:29] [INFO] no found
[2017-09-01 18:12:29] [INFO] no found
[2017-09-01 18:12:29] [INFO] no found
[2017-09-01 18:12:29] [INFO] no found
[2017-09-01 18:12:29] [INFO] no found
[2017-09-01 18:12:29] [INFO] no found
[2017-09-01 18:12:29] [INFO] no found
[2017-09-01 18:12:29] [INFO] no found
[2017-09-01 18:12:29] [INFO] no found
[2017-09-01 18:12:29] [INFO] no found
[2017-09-01 18:12:29] [INFO] no found
[2017-09-01 18:12:29] [INFO] no found
[2017-09-01 18:12:29] [INFO] no found
[2017-09-01 18:12:29] [INFO] no found
[2017-09-01 18:12:29] [INFO] no found
[2017-09-01 18:12:29] [INFO] no found
[2017-09-01 18:12:29] [INFO] no found
[2017-09-01 18:12:29] [INFO] no found
[2017-09-01 18:12:29] [INFO] no found
[2017-09-01 18:12:29] [INFO] no found
[2017-09-01 18:12:29] [INFO] no found
[2017-09-01 18:12:29] [INFO] no found
[2017-09-01 18:12:29] [INFO] no found
[2017-09-01 18:12:29] [INFO] no found
[2017-09-01 18:12:29] [INFO] no found
[2017-09-01 18:12:29] [INFO] no found
[2017-09-01 18:12:29] [INFO] no found
[2017-09-01 18:12:29] [INFO] no found
[2017-09-01 18:12:29] [INFO] no found
[2017-09-01 18:12:29] [INFO] no found
[2017-09-01 18:12:29] [INFO] no found
[2017-09-01 18:12:29] [INFO] no found
[2017-09-01 18:12:29] [INFO] no found
[2017-09-01 18:12:29] [INFO] no found
[2017-09-01 18:12:29] [INFO] no found
[2017-09-01 18:12:29] [INFO] no found
[2017-09-01 18:12:29] [INFO] no found
[2017-09-01 18:12:29] [INFO] no found
[2017-09-01 18:12:29] [INFO] no found
[2017-09-01 18:12:29] [INFO] no found
[2017-09-01 18:12:29] [INFO] no found
[2017-09-01 18:12:29] [INFO] no found
[2017-09-01 18:12:29] [INFO] no found
[2017-09-01 18:12:29] [INFO] no found
[2017-09-01 18:12:29] [INFO] no found
[2017-09-01 18:12:29] [INFO] no found
[2017-09-01 18:12:29] [INFO] no found
[2017-09-01 18:12:29] [INFO] no found
[2017-09-01 18:12:29] [INFO] no found
[2017-09-01 18:12:29] [INFO] no found
[2017-09-01 18:12:29] [INFO] no found
[2017-09-01 18:12:29] [INFO] no found
[2017-09-01 18:12:29] [INFO] no found
[2017-09-01 18:12:29] [INFO] no found
[2017-09-01 18:12:29] [INFO] no found
[2017-09-01 18:12:29] [INFO] no found
[2017-09-01 18:12:29] [INFO] no found
[2017-09-01 18:12:29] [INFO] no found
[2017-09-01 18:12:29] [INFO] no found
[2017-09-01 18:12:29] [INFO] no found
[2017-09-01 18:12:29] [INFO] no found
[2017-09-01 18:12:29] [INFO] no found
[2017-09-01 18:12:29] [INFO] no found
[2017-09-01 18:12:29] [INFO] no found
[2017-09-01 18:12:29] [INFO] no found
[2017-09-01 18:12:29] [INFO] no found
[2017-09-01 18:12:29] [INFO] no found
[2017-09-01 18:12:29] [INFO] no found
[2017-09-01 18:12:29] [INFO] no found
[2017-09-01 18:12:29] [INFO] no found
[2017-09-01 18:12:29] [INFO] no found
[2017-09-01 18:12:29] [INFO] no found
[2017-09-01 18:12:29] [INFO] no found
[2017-09-01 18:12:29] [INFO] no found
[2017-09-01 18:12:29] [INFO] no found
[2017-09-01 18:12:29] [INFO] no found
[2017-09-01 18:12:29] [INFO] no found
[2017-09-01 18:12:29] [INFO] no found
[2017-09-01 18:12:29] [INFO] no found
[2017-09-01 18:12:29] [INFO] no found
[2017-09-01 18:12:29] [INFO] no found
[2017-09-01 18:12:29] [INFO] no found
[2017-09-01 18:12:29] [INFO] no found
[2017-09-01 18:12:29] [INFO] no found
[2017-09-01 18:12:29] [INFO] no found
[2017-09-01 18:12:29] [INFO] no found
[2017-09-01 18:12:29] [INFO] no found
[2017-09-01 18:12:29] [INFO] no found
[2017-09-01 18:12:29] [INFO] no found
[2017-09-01 18:12:29] [INFO] no found
[2017-09-01 18:12:29] [INFO] no found
[2017-09-01 18:12:29] [INFO] no found
[2017-09-01 18:12:29] [INFO] no found
[2017-09-01 18:12:34] [INFO] test_wificlose STOP
[2017-09-01 18:12:42] [INFO] test_wifinamehide START:隐藏wifi 名字不被发现后，查看电脑的无线wifi列表 是否还有，无线名字 
[2017-09-01 18:13:18] [INFO] no found
[2017-09-01 18:13:18] [INFO] no found
[2017-09-01 18:13:18] [INFO] no found
[2017-09-01 18:13:18] [INFO] no found
[2017-09-01 18:13:18] [INFO] no found
[2017-09-01 18:13:18] [INFO] no found
[2017-09-01 18:13:18] [INFO] no found
[2017-09-01 18:13:18] [INFO] no found
[2017-09-01 18:13:18] [INFO] no found
[2017-09-01 18:13:18] [INFO] no found
[2017-09-01 18:13:18] [INFO] no found
[2017-09-01 18:13:18] [INFO] no found
[2017-09-01 18:13:18] [INFO] no found
[2017-09-01 18:13:18] [INFO] no found
[2017-09-01 18:13:18] [INFO] no found
[2017-09-01 18:13:18] [INFO] no found
[2017-09-01 18:13:18] [INFO] no found
[2017-09-01 18:13:18] [INFO] no found
[2017-09-01 18:13:18] [INFO] no found
[2017-09-01 18:13:18] [INFO] no found
[2017-09-01 18:13:18] [INFO] no found
[2017-09-01 18:13:18] [INFO] no found
[2017-09-01 18:13:18] [INFO] no found
[2017-09-01 18:13:18] [INFO] no found
[2017-09-01 18:13:18] [INFO] no found
[2017-09-01 18:13:18] [INFO] no found
[2017-09-01 18:13:18] [INFO] no found
[2017-09-01 18:13:18] [INFO] no found
[2017-09-01 18:13:18] [INFO] no found
[2017-09-01 18:13:18] [INFO] no found
[2017-09-01 18:13:18] [INFO] no found
[2017-09-01 18:13:18] [INFO] no found
[2017-09-01 18:13:18] [INFO] no found
[2017-09-01 18:13:18] [INFO] no found
[2017-09-01 18:13:18] [INFO] no found
[2017-09-01 18:13:18] [INFO] no found
[2017-09-01 18:13:18] [INFO] no found
[2017-09-01 18:13:18] [INFO] no found
[2017-09-01 18:13:18] [INFO] no found
[2017-09-01 18:13:18] [INFO] no found
[2017-09-01 18:13:18] [INFO] no found
[2017-09-01 18:13:18] [INFO] no found
[2017-09-01 18:13:18] [INFO] no found
[2017-09-01 18:13:18] [INFO] no found
[2017-09-01 18:13:18] [INFO] no found
[2017-09-01 18:13:18] [INFO] no found
[2017-09-01 18:13:18] [INFO] no found
[2017-09-01 18:13:18] [INFO] no found
[2017-09-01 18:13:18] [INFO] no found
[2017-09-01 18:13:18] [INFO] no found
[2017-09-01 18:13:18] [INFO] no found
[2017-09-01 18:13:18] [INFO] no found
[2017-09-01 18:13:18] [INFO] no found
[2017-09-01 18:13:18] [INFO] no found
[2017-09-01 18:13:18] [INFO] no found
[2017-09-01 18:13:18] [INFO] no found
[2017-09-01 18:13:18] [INFO] no found
[2017-09-01 18:13:18] [INFO] no found
[2017-09-01 18:13:18] [INFO] no found
[2017-09-01 18:13:18] [INFO] no found
[2017-09-01 18:13:18] [INFO] no found
[2017-09-01 18:13:18] [INFO] no found
[2017-09-01 18:13:18] [INFO] no found
[2017-09-01 18:13:18] [INFO] no found
[2017-09-01 18:13:18] [INFO] no found
[2017-09-01 18:13:18] [INFO] no found
[2017-09-01 18:13:18] [INFO] no found
[2017-09-01 18:13:18] [INFO] no found
[2017-09-01 18:13:18] [INFO] no found
[2017-09-01 18:13:18] [INFO] no found
[2017-09-01 18:13:18] [INFO] no found
[2017-09-01 18:13:18] [INFO] no found
[2017-09-01 18:13:18] [INFO] no found
[2017-09-01 18:13:18] [INFO] no found
[2017-09-01 18:13:18] [INFO] no found
[2017-09-01 18:13:18] [INFO] no found
[2017-09-01 18:13:18] [INFO] no found
[2017-09-01 18:13:18] [INFO] no found
[2017-09-01 18:13:18] [INFO] no found
[2017-09-01 18:13:18] [INFO] no found
[2017-09-01 18:13:18] [INFO] no found
[2017-09-01 18:13:18] [INFO] no found
[2017-09-01 18:13:18] [INFO] no found
[2017-09-01 18:13:18] [INFO] no found
[2017-09-01 18:13:18] [INFO] no found
[2017-09-01 18:13:18] [INFO] no found
[2017-09-01 18:13:18] [INFO] no found
[2017-09-01 18:13:18] [INFO] no found
[2017-09-01 18:13:18] [INFO] no found
[2017-09-01 18:13:18] [INFO] no found
[2017-09-01 18:13:18] [INFO] no found
[2017-09-01 18:13:18] [INFO] no found
[2017-09-01 18:13:18] [INFO] no found
[2017-09-01 18:13:18] [INFO] no found
[2017-09-01 18:13:18] [INFO] no found
[2017-09-01 18:13:18] [INFO] no found
[2017-09-01 18:13:18] [INFO] no found
[2017-09-01 18:13:18] [INFO] no found
[2017-09-01 18:13:18] [INFO] no found
[2017-09-01 18:13:18] [INFO] no found
[2017-09-01 18:13:18] [INFO] no found
[2017-09-01 18:13:18] [INFO] no found
[2017-09-01 18:13:18] [INFO] no found
[2017-09-01 18:13:18] [INFO] no found
[2017-09-01 18:13:18] [INFO] no found
[2017-09-01 18:13:18] [INFO] no found
[2017-09-01 18:13:18] [INFO] no found
[2017-09-01 18:13:18] [INFO] no found
[2017-09-01 18:13:18] [INFO] no found
[2017-09-01 18:13:18] [INFO] no found
[2017-09-01 18:13:18] [INFO] no found
[2017-09-01 18:13:18] [INFO] no found
[2017-09-01 18:13:18] [INFO] no found
[2017-09-01 18:13:18] [INFO] no found
[2017-09-01 18:13:18] [INFO] no found
[2017-09-01 18:13:18] [INFO] no found
[2017-09-01 18:13:18] [INFO] no found
[2017-09-01 18:13:18] [INFO] no found
[2017-09-01 18:13:18] [INFO] no found
[2017-09-01 18:13:18] [INFO] no found
[2017-09-01 18:13:18] [INFO] no found
[2017-09-01 18:13:18] [INFO] no found
[2017-09-01 18:13:18] [INFO] no found
[2017-09-01 18:13:18] [INFO] no found
[2017-09-01 18:13:18] [INFO] no found
[2017-09-01 18:13:18] [INFO] no found
[2017-09-01 18:13:18] [INFO] no found
[2017-09-01 18:13:18] [INFO] no found
[2017-09-01 18:13:18] [INFO] no found
[2017-09-01 18:13:31] [INFO] test_wifinamehide STOP
[2017-09-01 18:13:38] [INFO] test_wifinameright START:各种组合下的无线名称是否支持
[2017-09-01 18:14:17] [INFO] 未保存成功
[2017-09-01 18:14:42] [INFO] 未保存成功
[2017-09-01 18:15:06] [INFO] 未保存成功
[2017-09-01 18:15:31] [INFO] 未保存成功
[2017-09-01 18:15:37] [INFO] test_wifipasswordright START:格式正确的wifi 密码输入后是否可以成功保存
[2017-09-01 18:16:20] [INFO] 未保存成功
[2017-09-01 18:16:55] [INFO] 未保存成功
[2017-09-01 18:17:38] [INFO] 未保存成功
[2017-09-01 18:18:34] [INFO] test_wrongpassword START:错误的无线密码，提示信息检查
[2017-09-01 18:19:24] [INFO] test_wrongpassword STOP
[2017-09-01 18:19:24] [INFO] 发送邮件
